{"/Users/blackd0g/Desktop/intern/intern101/server.js":{"path":"/Users/blackd0g/Desktop/intern/intern101/server.js","s":{"1":1,"2":1,"3":1,"4":1,"5":1,"6":1,"7":1,"8":1,"9":1,"10":1,"11":1},"b":{},"f":{},"fnMap":{},"statementMap":{"1":{"start":{"line":1,"column":0},"end":{"line":1,"column":34}},"2":{"start":{"line":2,"column":0},"end":{"line":2,"column":41}},"3":{"start":{"line":3,"column":0},"end":{"line":3,"column":34}},"4":{"start":{"line":5,"column":0},"end":{"line":5,"column":21}},"5":{"start":{"line":6,"column":0},"end":{"line":6,"column":17}},"6":{"start":{"line":8,"column":0},"end":{"line":8,"column":26}},"7":{"start":{"line":9,"column":0},"end":{"line":9,"column":50}},"8":{"start":{"line":10,"column":0},"end":{"line":10,"column":25}},"9":{"start":{"line":12,"column":0},"end":{"line":14,"column":2}},"10":{"start":{"line":13,"column":2},"end":{"line":13,"column":43}},"11":{"start":{"line":16,"column":0},"end":{"line":16,"column":21}}},"branchMap":{}},"/Users/blackd0g/Desktop/intern/intern101/router.js":{"path":"/Users/blackd0g/Desktop/intern/intern101/router.js","s":{"1":1,"2":1,"3":1,"4":1,"5":10,"6":1,"7":1,"8":1,"9":0,"10":1,"11":2,"12":1,"13":1,"14":1,"15":0,"16":1,"17":1,"18":1,"19":4,"20":4,"21":4,"22":1,"23":3,"24":2,"25":2,"26":2,"27":2,"28":0,"29":2,"30":1,"31":1,"32":1,"33":0,"34":1,"35":1},"b":{"1":[0,1],"2":[1,1],"3":[0,1],"4":[1,3],"5":[0,2],"6":[0,1]},"f":{},"fnMap":{},"statementMap":{"1":{"start":{"line":1,"column":0},"end":{"line":1,"column":34}},"2":{"start":{"line":2,"column":0},"end":{"line":2,"column":39}},"3":{"start":{"line":4,"column":0},"end":{"line":4,"column":31}},"4":{"start":{"line":6,"column":0},"end":{"line":9,"column":2}},"5":{"start":{"line":8,"column":2},"end":{"line":8,"column":8}},"6":{"start":{"line":11,"column":0},"end":{"line":28,"column":4}},"7":{"start":{"line":13,"column":4},"end":{"line":16,"column":6}},"8":{"start":{"line":14,"column":6},"end":{"line":15,"column":25}},"9":{"start":{"line":14,"column":15},"end":{"line":14,"column":28}},"10":{"start":{"line":15,"column":11},"end":{"line":15,"column":25}},"11":{"start":{"line":19,"column":4},"end":{"line":27,"column":5}},"12":{"start":{"line":20,"column":6},"end":{"line":20,"column":36}},"13":{"start":{"line":21,"column":6},"end":{"line":24,"column":8}},"14":{"start":{"line":22,"column":8},"end":{"line":23,"column":39}},"15":{"start":{"line":22,"column":17},"end":{"line":22,"column":30}},"16":{"start":{"line":23,"column":13},"end":{"line":23,"column":39}},"17":{"start":{"line":26,"column":6},"end":{"line":26,"column":48}},"18":{"start":{"line":30,"column":0},"end":{"line":52,"column":4}},"19":{"start":{"line":32,"column":4},"end":{"line":32,"column":28}},"20":{"start":{"line":33,"column":4},"end":{"line":36,"column":6}},"21":{"start":{"line":34,"column":6},"end":{"line":35,"column":25}},"22":{"start":{"line":34,"column":15},"end":{"line":34,"column":39}},"23":{"start":{"line":35,"column":11},"end":{"line":35,"column":25}},"24":{"start":{"line":39,"column":4},"end":{"line":39,"column":28}},"25":{"start":{"line":40,"column":4},"end":{"line":40,"column":31}},"26":{"start":{"line":41,"column":4},"end":{"line":44,"column":6}},"27":{"start":{"line":42,"column":6},"end":{"line":43,"column":39}},"28":{"start":{"line":42,"column":15},"end":{"line":42,"column":39}},"29":{"start":{"line":43,"column":11},"end":{"line":43,"column":39}},"30":{"start":{"line":47,"column":4},"end":{"line":47,"column":28}},"31":{"start":{"line":48,"column":4},"end":{"line":51,"column":6}},"32":{"start":{"line":49,"column":6},"end":{"line":50,"column":39}},"33":{"start":{"line":49,"column":15},"end":{"line":49,"column":39}},"34":{"start":{"line":50,"column":11},"end":{"line":50,"column":39}},"35":{"start":{"line":54,"column":0},"end":{"line":54,"column":23}}},"branchMap":{"1":{"line":14,"type":"if","locations":[{"start":{"line":14,"column":6},"end":{"line":14,"column":6}},{"start":{"line":14,"column":6},"end":{"line":14,"column":6}}]},"2":{"line":19,"type":"if","locations":[{"start":{"line":19,"column":4},"end":{"line":19,"column":4}},{"start":{"line":19,"column":4},"end":{"line":19,"column":4}}]},"3":{"line":22,"type":"if","locations":[{"start":{"line":22,"column":8},"end":{"line":22,"column":8}},{"start":{"line":22,"column":8},"end":{"line":22,"column":8}}]},"4":{"line":34,"type":"if","locations":[{"start":{"line":34,"column":6},"end":{"line":34,"column":6}},{"start":{"line":34,"column":6},"end":{"line":34,"column":6}}]},"5":{"line":42,"type":"if","locations":[{"start":{"line":42,"column":6},"end":{"line":42,"column":6}},{"start":{"line":42,"column":6},"end":{"line":42,"column":6}}]},"6":{"line":49,"type":"if","locations":[{"start":{"line":49,"column":6},"end":{"line":49,"column":6}},{"start":{"line":49,"column":6},"end":{"line":49,"column":6}}]}}},"/Users/blackd0g/Desktop/intern/intern101/models/schema.js":{"path":"/Users/blackd0g/Desktop/intern/intern101/models/schema.js","s":{"1":1,"2":1,"3":1,"4":1,"5":1,"6":1,"7":1,"8":1},"b":{},"f":{},"fnMap":{},"statementMap":{"1":{"start":{"line":1,"column":0},"end":{"line":1,"column":36}},"2":{"start":{"line":2,"column":0},"end":{"line":2,"column":38}},"3":{"start":{"line":4,"column":0},"end":{"line":4,"column":62}},"4":{"start":{"line":5,"column":0},"end":{"line":5,"column":30}},"5":{"start":{"line":6,"column":0},"end":{"line":6,"column":30}},"6":{"start":{"line":7,"column":0},"end":{"line":11,"column":2}},"7":{"start":{"line":12,"column":0},"end":{"line":12,"column":63}},"8":{"start":{"line":14,"column":0},"end":{"line":14,"column":21}}},"branchMap":{}}}