{"/Users/blackd0g/Desktop/intern/intern101/intern101/server.js":{"path":"/Users/blackd0g/Desktop/intern/intern101/intern101/server.js","s":{"1":1,"2":1,"3":1,"4":1,"5":1,"6":1,"7":1,"8":1,"9":1,"10":1,"11":1},"b":{},"f":{},"fnMap":{},"statementMap":{"1":{"start":{"line":1,"column":0},"end":{"line":1,"column":34}},"2":{"start":{"line":2,"column":0},"end":{"line":2,"column":41}},"3":{"start":{"line":3,"column":0},"end":{"line":3,"column":34}},"4":{"start":{"line":4,"column":0},"end":{"line":4,"column":38}},"5":{"start":{"line":6,"column":0},"end":{"line":6,"column":21}},"6":{"start":{"line":8,"column":0},"end":{"line":8,"column":26}},"7":{"start":{"line":9,"column":0},"end":{"line":9,"column":50}},"8":{"start":{"line":11,"column":0},"end":{"line":11,"column":25}},"9":{"start":{"line":12,"column":0},"end":{"line":12,"column":30}},"10":{"start":{"line":13,"column":0},"end":{"line":13,"column":16}},"11":{"start":{"line":15,"column":0},"end":{"line":15,"column":21}}},"branchMap":{}},"/Users/blackd0g/Desktop/intern/intern101/intern101/router.js":{"path":"/Users/blackd0g/Desktop/intern/intern101/intern101/router.js","s":{"1":1,"2":1,"3":1,"4":1,"5":1,"6":10,"7":1,"8":1,"9":1,"10":0,"11":1,"12":2,"13":1,"14":1,"15":0,"16":1,"17":1,"18":1,"19":4,"20":4,"21":4,"22":1,"23":4,"24":4,"25":0,"26":4,"27":2,"28":2,"29":2,"30":0,"31":2,"32":2,"33":0,"34":2,"35":2,"36":1,"37":1,"38":1,"39":0,"40":1,"41":1},"b":{"1":[0,1],"2":[1,1],"3":[0,1],"4":[0,4],"5":[0,2]},"f":{},"fnMap":{},"statementMap":{"1":{"start":{"line":1,"column":0},"end":{"line":1,"column":34}},"2":{"start":{"line":2,"column":0},"end":{"line":2,"column":34}},"3":{"start":{"line":4,"column":0},"end":{"line":4,"column":31}},"4":{"start":{"line":5,"column":0},"end":{"line":5,"column":49}},"5":{"start":{"line":7,"column":0},"end":{"line":10,"column":2}},"6":{"start":{"line":9,"column":2},"end":{"line":9,"column":8}},"7":{"start":{"line":12,"column":0},"end":{"line":28,"column":4}},"8":{"start":{"line":14,"column":4},"end":{"line":17,"column":6}},"9":{"start":{"line":15,"column":6},"end":{"line":15,"column":28}},"10":{"start":{"line":15,"column":15},"end":{"line":15,"column":28}},"11":{"start":{"line":16,"column":6},"end":{"line":16,"column":20}},"12":{"start":{"line":20,"column":4},"end":{"line":27,"column":5}},"13":{"start":{"line":21,"column":6},"end":{"line":24,"column":8}},"14":{"start":{"line":22,"column":8},"end":{"line":22,"column":30}},"15":{"start":{"line":22,"column":17},"end":{"line":22,"column":30}},"16":{"start":{"line":23,"column":8},"end":{"line":23,"column":34}},"17":{"start":{"line":26,"column":6},"end":{"line":26,"column":48}},"18":{"start":{"line":30,"column":0},"end":{"line":64,"column":4}},"19":{"start":{"line":32,"column":4},"end":{"line":32,"column":26}},"20":{"start":{"line":33,"column":4},"end":{"line":37,"column":5}},"21":{"start":{"line":34,"column":6},"end":{"line":34,"column":31}},"22":{"start":{"line":36,"column":6},"end":{"line":36,"column":30}},"23":{"start":{"line":38,"column":4},"end":{"line":41,"column":6}},"24":{"start":{"line":39,"column":6},"end":{"line":39,"column":28}},"25":{"start":{"line":39,"column":15},"end":{"line":39,"column":28}},"26":{"start":{"line":40,"column":6},"end":{"line":40,"column":20}},"27":{"start":{"line":44,"column":4},"end":{"line":44,"column":26}},"28":{"start":{"line":45,"column":4},"end":{"line":49,"column":5}},"29":{"start":{"line":46,"column":6},"end":{"line":46,"column":31}},"30":{"start":{"line":48,"column":6},"end":{"line":48,"column":30}},"31":{"start":{"line":50,"column":4},"end":{"line":54,"column":6}},"32":{"start":{"line":51,"column":6},"end":{"line":51,"column":28}},"33":{"start":{"line":51,"column":15},"end":{"line":51,"column":28}},"34":{"start":{"line":52,"column":6},"end":{"line":52,"column":33}},"35":{"start":{"line":53,"column":6},"end":{"line":53,"column":76}},"36":{"start":{"line":57,"column":4},"end":{"line":57,"column":26}},"37":{"start":{"line":58,"column":4},"end":{"line":62,"column":5}},"38":{"start":{"line":59,"column":6},"end":{"line":59,"column":31}},"39":{"start":{"line":61,"column":6},"end":{"line":61,"column":30}},"40":{"start":{"line":63,"column":4},"end":{"line":63,"column":62}},"41":{"start":{"line":66,"column":0},"end":{"line":66,"column":23}}},"branchMap":{"1":{"line":15,"type":"if","locations":[{"start":{"line":15,"column":6},"end":{"line":15,"column":6}},{"start":{"line":15,"column":6},"end":{"line":15,"column":6}}]},"2":{"line":20,"type":"if","locations":[{"start":{"line":20,"column":4},"end":{"line":20,"column":4}},{"start":{"line":20,"column":4},"end":{"line":20,"column":4}}]},"3":{"line":22,"type":"if","locations":[{"start":{"line":22,"column":8},"end":{"line":22,"column":8}},{"start":{"line":22,"column":8},"end":{"line":22,"column":8}}]},"4":{"line":39,"type":"if","locations":[{"start":{"line":39,"column":6},"end":{"line":39,"column":6}},{"start":{"line":39,"column":6},"end":{"line":39,"column":6}}]},"5":{"line":51,"type":"if","locations":[{"start":{"line":51,"column":6},"end":{"line":51,"column":6}},{"start":{"line":51,"column":6},"end":{"line":51,"column":6}}]}}},"/Users/blackd0g/Desktop/intern/intern101/intern101/crawling.js":{"path":"/Users/blackd0g/Desktop/intern/intern101/intern101/crawling.js","s":{"1":1,"2":1,"3":1,"4":1,"5":1,"6":1,"7":3,"8":3,"9":3,"10":3,"11":3,"12":3,"13":13,"14":13,"15":1,"16":1,"17":12,"18":2,"19":2,"20":10,"21":13,"22":0,"23":13,"24":3,"25":1,"26":3,"27":3,"28":1},"b":{"1":[3,3],"2":[1,12],"3":[2,10]},"f":{},"fnMap":{},"statementMap":{"1":{"start":{"line":1,"column":0},"end":{"line":1,"column":28}},"2":{"start":{"line":2,"column":0},"end":{"line":2,"column":28}},"3":{"start":{"line":3,"column":0},"end":{"line":3,"column":34}},"4":{"start":{"line":4,"column":0},"end":{"line":4,"column":26}},"5":{"start":{"line":6,"column":0},"end":{"line":6,"column":33}},"6":{"start":{"line":8,"column":0},"end":{"line":41,"column":1}},"7":{"start":{"line":9,"column":2},"end":{"line":9,"column":40}},"8":{"start":{"line":10,"column":2},"end":{"line":16,"column":3}},"9":{"start":{"line":17,"column":2},"end":{"line":17,"column":22}},"10":{"start":{"line":18,"column":2},"end":{"line":18,"column":46}},"11":{"start":{"line":19,"column":2},"end":{"line":19,"column":15}},"12":{"start":{"line":20,"column":2},"end":{"line":39,"column":4}},"13":{"start":{"line":23,"column":6},"end":{"line":31,"column":8}},"14":{"start":{"line":24,"column":8},"end":{"line":30,"column":25}},"15":{"start":{"line":25,"column":10},"end":{"line":25,"column":49}},"16":{"start":{"line":26,"column":10},"end":{"line":26,"column":20}},"17":{"start":{"line":27,"column":15},"end":{"line":30,"column":25}},"18":{"start":{"line":28,"column":10},"end":{"line":28,"column":65}},"19":{"start":{"line":29,"column":10},"end":{"line":29,"column":20}},"20":{"start":{"line":30,"column":15},"end":{"line":30,"column":25}},"21":{"start":{"line":32,"column":6},"end":{"line":34,"column":8}},"22":{"start":{"line":33,"column":8},"end":{"line":33,"column":23}},"23":{"start":{"line":35,"column":6},"end":{"line":35,"column":15}},"24":{"start":{"line":40,"column":2},"end":{"line":40,"column":13}},"25":{"start":{"line":43,"column":0},"end":{"line":47,"column":4}},"26":{"start":{"line":45,"column":4},"end":{"line":45,"column":28}},"27":{"start":{"line":46,"column":4},"end":{"line":46,"column":30}},"28":{"start":{"line":49,"column":0},"end":{"line":49,"column":25}}},"branchMap":{"1":{"line":12,"type":"binary-expr","locations":[{"start":{"line":12,"column":11},"end":{"line":12,"column":25}},{"start":{"line":12,"column":29},"end":{"line":12,"column":31}}]},"2":{"line":24,"type":"if","locations":[{"start":{"line":24,"column":8},"end":{"line":24,"column":8}},{"start":{"line":24,"column":8},"end":{"line":24,"column":8}}]},"3":{"line":27,"type":"if","locations":[{"start":{"line":27,"column":15},"end":{"line":27,"column":15}},{"start":{"line":27,"column":15},"end":{"line":27,"column":15}}]}}}}