TN:
SF:/Users/blackd0g/Desktop/intern/intern101/server.js
FNF:0
FNH:0
DA:1,1
DA:2,1
DA:3,1
DA:5,1
DA:6,1
DA:8,1
DA:9,1
DA:10,1
DA:12,1
DA:13,1
DA:16,1
LF:11
LH:11
BRF:0
BRH:0
end_of_record
TN:
SF:/Users/blackd0g/Desktop/intern/intern101/router.js
FNF:0
FNH:0
DA:1,1
DA:2,1
DA:4,1
DA:6,1
DA:8,10
DA:11,1
DA:13,1
DA:14,1
DA:15,1
DA:19,2
DA:20,1
DA:21,1
DA:22,1
DA:23,1
DA:26,1
DA:30,1
DA:32,4
DA:33,4
DA:34,4
DA:35,3
DA:39,2
DA:40,2
DA:41,2
DA:42,2
DA:43,2
DA:47,1
DA:48,1
DA:49,1
DA:50,1
DA:54,1
LF:30
LH:30
BRDA:14,1,0,0
BRDA:14,1,1,1
BRDA:19,2,0,1
BRDA:19,2,1,1
BRDA:22,3,0,0
BRDA:22,3,1,1
BRDA:34,4,0,1
BRDA:34,4,1,3
BRDA:42,5,0,0
BRDA:42,5,1,2
BRDA:49,6,0,0
BRDA:49,6,1,1
BRF:12
BRH:8
end_of_record
TN:
SF:/Users/blackd0g/Desktop/intern/intern101/models/schema.js
FNF:0
FNH:0
DA:1,1
DA:2,1
DA:4,1
DA:5,1
DA:6,1
DA:7,1
DA:12,1
DA:14,1
LF:8
LH:8
BRF:0
BRH:0
end_of_record
