TN:
SF:/Users/blackd0g/Desktop/intern/intern101/intern101/plus.js
FNF:0
FNH:0
DA:1,2
DA:2,1
LF:2
LH:2
BRF:0
BRH:0
end_of_record
TN:
SF:/Users/blackd0g/Desktop/intern/intern101/intern101/server.js
FNF:0
FNH:0
DA:1,1
DA:2,1
DA:3,1
DA:5,1
DA:7,1
DA:8,1
DA:10,1
DA:11,1
DA:13,1
LF:9
LH:9
BRF:0
BRH:0
end_of_record
TN:
SF:/Users/blackd0g/Desktop/intern/intern101/intern101/router.js
FNF:0
FNH:0
DA:1,1
DA:2,1
DA:4,1
DA:5,1
DA:7,1
DA:9,10
DA:12,1
DA:14,1
DA:15,1
DA:16,1
DA:20,2
DA:21,1
DA:22,1
DA:23,1
DA:26,1
DA:30,1
DA:32,4
DA:33,4
DA:34,4
DA:36,1
DA:38,4
DA:39,4
DA:40,4
DA:44,2
DA:45,2
DA:46,2
DA:48,0
DA:50,2
DA:51,2
DA:52,2
DA:53,2
DA:57,1
DA:58,1
DA:59,1
DA:61,0
DA:63,1
DA:66,1
LF:37
LH:35
BRDA:15,1,0,0
BRDA:15,1,1,1
BRDA:20,2,0,1
BRDA:20,2,1,1
BRDA:22,3,0,0
BRDA:22,3,1,1
BRDA:39,4,0,0
BRDA:39,4,1,4
BRDA:51,5,0,0
BRDA:51,5,1,2
BRF:10
BRH:6
end_of_record
